[debug] [2017-10-27T15:17:56.467Z] ----------------------------------------------------------------------
[debug] [2017-10-27T15:17:56.503Z] Command:       C:\Program Files\nodejs\node.exe C:\Users\Aaron\AppData\Roaming\npm\node_modules\firebase-tools\bin\firebase deploy
[debug] [2017-10-27T15:17:56.504Z] CLI Version:   3.13.0
[debug] [2017-10-27T15:17:56.504Z] Platform:      win32
[debug] [2017-10-27T15:17:56.504Z] Node Version:  v6.11.2
[debug] [2017-10-27T15:17:56.506Z] Time:          Fri Oct 27 2017 11:17:56 GMT-0400 (US Eastern Daylight Time)
[debug] [2017-10-27T15:17:56.506Z] ----------------------------------------------------------------------
[debug] 
[debug] [2017-10-27T15:17:56.684Z] > command requires scopes: ["email","openid","https://www.googleapis.com/auth/cloudplatformprojects.readonly","https://www.googleapis.com/auth/firebase","https://www.googleapis.com/auth/cloud-platform"]
[debug] [2017-10-27T15:17:56.686Z] > authorizing via signed-in user
[debug] [2017-10-27T15:17:56.697Z] > refreshing access token with scopes: ["email","https://www.googleapis.com/auth/cloud-platform","https://www.googleapis.com/auth/cloudplatformprojects.readonly","https://www.googleapis.com/auth/firebase","openid"]
[debug] [2017-10-27T15:17:56.699Z] >>> HTTP REQUEST POST https://www.googleapis.com/oauth2/v3/token { refresh_token: '1/2dB8rwxrDsWWZATXHEnx0U1YSCv8O9hjkbBkMksaeupvsLxVXvpz5I6qWtvKm62X',
  client_id: '563584335869-fgrhgmd47bqnekij5i8b5pr03ho849e6.apps.googleusercontent.com',
  client_secret: 'j9iVZfS8kkCEFUPaAeJV0sAi',
  grant_type: 'refresh_token',
  scope: 'email https://www.googleapis.com/auth/cloud-platform https://www.googleapis.com/auth/cloudplatformprojects.readonly https://www.googleapis.com/auth/firebase openid' } 
 Fri Oct 27 2017 11:17:56 GMT-0400 (US Eastern Daylight Time)
[debug] [2017-10-27T15:17:59.563Z] <<< HTTP RESPONSE 200
[debug] [2017-10-27T15:17:59.619Z] >>> HTTP REQUEST GET https://admin.firebase.com/v1/projects/baseball-charting-app  
 Fri Oct 27 2017 11:17:59 GMT-0400 (US Eastern Daylight Time)
[debug] [2017-10-27T15:18:01.410Z] <<< HTTP RESPONSE 200
[debug] [2017-10-27T15:18:01.412Z] >>> HTTP REQUEST GET https://admin.firebase.com/v1/database/baseball-charting-app/tokens  
 Fri Oct 27 2017 11:18:01 GMT-0400 (US Eastern Daylight Time)
[debug] [2017-10-27T15:18:03.164Z] <<< HTTP RESPONSE 200
[info] 1
[info] 
[info] === Deploying to 'baseball-charting-app'...
[info] 
[info] i  deploying hosting
[info] i  hosting: preparing / directory for upload...
